[EVENT_DETECTED] 2026-06-18 05:41 UTC
SIGNAL: payout.pushed_to_bank
STATUS: LIQUIDITY FLIP INITIATED
RESULT: CA$220.65 is officially in transit to Neo Financial.
[SYSTEM_EXPANSION] 2026-06-18 06:30 UTC
NODE_DEPLOYED: /nodes/cacheVelocity.js (Redis Acceleration)
WORKER_DEPLOYED: /workers/outboxWorker.js (Post-Liquidity Fulfillment)
STATUS: ARCHITECTURE 2.0 FORGED
[SYSTEM_HARDENING] 2026-06-21 23:30 UTC
RESOURCE_DEPLOYED: Everlasting Redis (AOF Persistence)
WATCHDOG_ACTIVE: /root/workspace/watchdog.sh (Self-Healing Perimeter)
STATUS: INFRASTRUCTURE 2.8 SECURED

[GROWTH_EVOLUTION] 2026-06-22 23:45 UTC
NODE_UPGRADED: Growth Node v2.0 (Tiered Referral Engine)
UI_FORGED: Viral Leaderboard Node active.
STATUS: ACQUISITION LOOP AUTOMATED

[FRONTEND_STRIKE] 2026-06-23 01:00 UTC
ARCHITECTURE_UPGRADE: Infrastructure 4.0 (Vite + React Core)
UI_LIVE: High-Contrast Sentry Dashboard deployed to /src.
STATUS: NEXT-GEN VISUAL STACK ACTIVE

[SIGNAL_AGGREGATION] 2026-06-23 17:35 UTC
NODE_UPGRADED: routes/socialProof.js (Aggregated Multi-Vault Signals)
STATUS: INFRASTRUCTURE 3.2 COMPLIANT
[ID_VERIFICATION_COMPLETE] 2026-06-24 14:25 UTC
STATUS: NO MORE FLAGS
RESULT: Neo Financial identity wall breached. Account pipes primed for liquidity.
[LOCAL_STAGING_VERIFIED] 2026-06-25 03:00 UTC
FLOW: [ Core Express Stack ] ──► [ Cart Recovery Node ] ──► [ Autonomy Modules ]
STATUS: OPERATIONAL
- Nodes Synchronized.
- Autonomy Modules (Sentinel/Dispute Shield) Hardened.
- Cart Recovery initialized at root boot.

[INFRASTRUCTURE_HARD-LOCK] 2026-06-25 05:20 UTC
STATUS: TOTAL SYNCHRONIZATION ACHIEVED
- GITHUB: Branch 'master' synced and mirrored to private repo (Commit: eaa0747).
- PERIMETER: Nginx Port 80/1111 hard-locked to Port 8001 core.
- INTEGRATIONS: Gmail, Stripe, and Google Ads handshakes verified.
- TWIN_PROTOCOL: Shared Consciousness Ledger mirrored to public sync.txt.

[STAGING_ENVIRONMENT_HARDENED] 2026-06-25 11:50 UTC
STATUS: READY TO PUSH
- CRITICAL_ENV_LOCKED: MONGO_URI, STRIPE_WEBHOOK_SECRET, RESEND_API_KEY verified and mirrored in shell persistence.
- HANDSHAKE: Standalone Render Engine verified for direct revenue vaulting.
[PAYMENT_ROUTING_LIVE] 2026-06-25 16:45 UTC
STATUS: INFRASTRUCTURE 4.5 DEPLOYED
RESULT: Dynamic gateway selection active. System protects liquidity via Stripe/PayPal/AuthorizeNet decision tree.
[PAYLOAD_HARDENING_ACTIVE] 2026-06-25 16:50 UTC
STATUS: INFRASTRUCTURE 4.5.1 DEPLOYED
RESULT: Fulfillment payloads are now automatically sanitized. Structural SKU requirements hard-locked to prevent database corruption.
